2015-06-21 10:15:55 Error: [MissingControllerException] Controller class HomeController could not be found.
Exception Attributes: array (
  'class' => 'HomeController',
  'plugin' => NULL,
)
Request URL: /home
Stack Trace:
#0 W:\beachklub\webroot\index.php(109): Dispatcher->dispatch(Object(CakeRequest), Object(CakeResponse))
#1 {main}
2015-06-21 20:57:24 Error: [MissingControllerException] Controller class Home.ctpController could not be found.
Exception Attributes: array (
  'class' => 'Home.ctpController',
  'plugin' => NULL,
)
Request URL: /home.ctp
Stack Trace:
#0 W:\beachklub\webroot\index.php(109): Dispatcher->dispatch(Object(CakeRequest), Object(CakeResponse))
#1 {main}
2015-06-22 09:06:50 Error: [MissingControllerException] Controller class HomeController could not be found.
Exception Attributes: array (
  'class' => 'HomeController',
  'plugin' => NULL,
)
Request URL: /home
Stack Trace:
#0 W:\beachklub\webroot\index.php(109): Dispatcher->dispatch(Object(CakeRequest), Object(CakeResponse))
#1 {main}
2015-06-22 09:45:43 Error: [MissingPluginException] Plugin Bs3Helpers could not be found.
Exception Attributes: array (
  'plugin' => 'Bs3Helpers',
)
Request URL: /
Stack Trace:
#0 W:\beachklub\Vendor\cakephp\cakephp\lib\Cake\Core\App.php(227): CakePlugin::path('Bs3Helpers')
#1 W:\beachklub\Vendor\cakephp\cakephp\lib\Cake\Core\App.php(549): App::path('View/Helper', 'Bs3Helpers')
#2 [internal function]: App::load('Bs3FormHelper')
#3 [internal function]: spl_autoload_call('Bs3FormHelper')
#4 W:\beachklub\Vendor\cakephp\cakephp\lib\Cake\View\HelperCollection.php(130): class_exists('Bs3FormHelper')
#5 W:\beachklub\Vendor\cakephp\cakephp\lib\Cake\View\View.php(897): HelperCollection->load('Form', Array)
#6 W:\beachklub\Vendor\cakephp\cakephp\lib\Cake\View\View.php(354): View->loadHelpers()
#7 W:\beachklub\Vendor\cakephp\cakephp\lib\Cake\Controller\Controller.php(1247): View->__construct(Object(PagesController))
#8 W:\beachklub\Vendor\cakephp\cakephp\lib\Cake\Controller\Controller.php(946): Controller->_getViewObject()
#9 W:\beachklub\Controller\PagesController.php(59): Controller->render('home')
#10 [internal function]: PagesController->display('home')
#11 W:\beachklub\Vendor\cakephp\cakephp\lib\Cake\Controller\Controller.php(490): ReflectionMethod->invokeArgs(Object(PagesController), Array)
#12 W:\beachklub\Vendor\cakephp\cakephp\lib\Cake\Routing\Dispatcher.php(193): Controller->invokeAction(Object(CakeRequest))
#13 W:\beachklub\Vendor\cakephp\cakephp\lib\Cake\Routing\Dispatcher.php(167): Dispatcher->_invoke(Object(PagesController), Object(CakeRequest))
#14 W:\beachklub\webroot\index.php(109): Dispatcher->dispatch(Object(CakeRequest), Object(CakeResponse))
#15 {main}
2015-06-22 09:49:10 Error: [MissingControllerException] Controller class BeachklubController could not be found.
Exception Attributes: array (
  'class' => 'BeachklubController',
  'plugin' => NULL,
)
Request URL: /beachklub
Stack Trace:
#0 W:\beachklub\webroot\index.php(109): Dispatcher->dispatch(Object(CakeRequest), Object(CakeResponse))
#1 {main}
2015-06-22 09:49:18 Error: [MissingPluginException] Plugin Bs3Helpers could not be found.
Exception Attributes: array (
  'plugin' => 'Bs3Helpers',
)
Request URL: /
Stack Trace:
#0 W:\beachklub\Vendor\cakephp\cakephp\lib\Cake\Core\App.php(227): CakePlugin::path('Bs3Helpers')
#1 W:\beachklub\Vendor\cakephp\cakephp\lib\Cake\Core\App.php(549): App::path('View/Helper', 'Bs3Helpers')
#2 [internal function]: App::load('Bs3FormHelper')
#3 [internal function]: spl_autoload_call('Bs3FormHelper')
#4 W:\beachklub\Vendor\cakephp\cakephp\lib\Cake\View\HelperCollection.php(130): class_exists('Bs3FormHelper')
#5 W:\beachklub\Vendor\cakephp\cakephp\lib\Cake\View\View.php(897): HelperCollection->load('Form', Array)
#6 W:\beachklub\Vendor\cakephp\cakephp\lib\Cake\View\View.php(354): View->loadHelpers()
#7 W:\beachklub\Vendor\cakephp\cakephp\lib\Cake\Controller\Controller.php(1247): View->__construct(Object(PagesController))
#8 W:\beachklub\Vendor\cakephp\cakephp\lib\Cake\Controller\Controller.php(946): Controller->_getViewObject()
#9 W:\beachklub\Controller\PagesController.php(59): Controller->render('home')
#10 [internal function]: PagesController->display('home')
#11 W:\beachklub\Vendor\cakephp\cakephp\lib\Cake\Controller\Controller.php(490): ReflectionMethod->invokeArgs(Object(PagesController), Array)
#12 W:\beachklub\Vendor\cakephp\cakephp\lib\Cake\Routing\Dispatcher.php(193): Controller->invokeAction(Object(CakeRequest))
#13 W:\beachklub\Vendor\cakephp\cakephp\lib\Cake\Routing\Dispatcher.php(167): Dispatcher->_invoke(Object(PagesController), Object(CakeRequest))
#14 W:\beachklub\webroot\index.php(109): Dispatcher->dispatch(Object(CakeRequest), Object(CakeResponse))
#15 {main}
2015-06-22 09:49:24 Error: [MissingPluginException] Plugin Bs3Helpers could not be found.
Exception Attributes: array (
  'plugin' => 'Bs3Helpers',
)
Request URL: /home
Stack Trace:
#0 W:\beachklub\Vendor\cakephp\cakephp\lib\Cake\Core\App.php(227): CakePlugin::path('Bs3Helpers')
#1 W:\beachklub\Vendor\cakephp\cakephp\lib\Cake\Core\App.php(549): App::path('View/Helper', 'Bs3Helpers')
#2 [internal function]: App::load('Bs3FormHelper')
#3 [internal function]: spl_autoload_call('Bs3FormHelper')
#4 W:\beachklub\Vendor\cakephp\cakephp\lib\Cake\View\HelperCollection.php(130): class_exists('Bs3FormHelper')
#5 W:\beachklub\Vendor\cakephp\cakephp\lib\Cake\View\View.php(897): HelperCollection->load('Form', Array)
#6 W:\beachklub\Vendor\cakephp\cakephp\lib\Cake\View\View.php(354): View->loadHelpers()
#7 W:\beachklub\Vendor\cakephp\cakephp\lib\Cake\Controller\Controller.php(1247): View->__construct(Object(PagesController))
#8 W:\beachklub\Vendor\cakephp\cakephp\lib\Cake\Controller\Controller.php(946): Controller->_getViewObject()
#9 W:\beachklub\Controller\PagesController.php(59): Controller->render('beachklub')
#10 [internal function]: PagesController->display('beachklub')
#11 W:\beachklub\Vendor\cakephp\cakephp\lib\Cake\Controller\Controller.php(490): ReflectionMethod->invokeArgs(Object(PagesController), Array)
#12 W:\beachklub\Vendor\cakephp\cakephp\lib\Cake\Routing\Dispatcher.php(193): Controller->invokeAction(Object(CakeRequest))
#13 W:\beachklub\Vendor\cakephp\cakephp\lib\Cake\Routing\Dispatcher.php(167): Dispatcher->_invoke(Object(PagesController), Object(CakeRequest))
#14 W:\beachklub\webroot\index.php(109): Dispatcher->dispatch(Object(CakeRequest), Object(CakeResponse))
#15 {main}
2015-06-22 09:52:38 Error: [MissingPluginException] Plugin Bs3Helpers could not be found.
Exception Attributes: array (
  'plugin' => 'Bs3Helpers',
)
Request URL: /
Stack Trace:
#0 W:\beachklub\Vendor\cakephp\cakephp\lib\Cake\Core\App.php(227): CakePlugin::path('Bs3Helpers')
#1 W:\beachklub\Vendor\cakephp\cakephp\lib\Cake\Core\App.php(549): App::path('View/Helper', 'Bs3Helpers')
#2 [internal function]: App::load('Bs3FormHelper')
#3 [internal function]: spl_autoload_call('Bs3FormHelper')
#4 W:\beachklub\Vendor\cakephp\cakephp\lib\Cake\View\HelperCollection.php(130): class_exists('Bs3FormHelper')
#5 W:\beachklub\Vendor\cakephp\cakephp\lib\Cake\View\View.php(897): HelperCollection->load('Form', Array)
#6 W:\beachklub\Vendor\cakephp\cakephp\lib\Cake\View\View.php(354): View->loadHelpers()
#7 W:\beachklub\Vendor\cakephp\cakephp\lib\Cake\Controller\Controller.php(1247): View->__construct(Object(PagesController))
#8 W:\beachklub\Vendor\cakephp\cakephp\lib\Cake\Controller\Controller.php(946): Controller->_getViewObject()
#9 W:\beachklub\Controller\PagesController.php(59): Controller->render('home')
#10 [internal function]: PagesController->display('home')
#11 W:\beachklub\Vendor\cakephp\cakephp\lib\Cake\Controller\Controller.php(490): ReflectionMethod->invokeArgs(Object(PagesController), Array)
#12 W:\beachklub\Vendor\cakephp\cakephp\lib\Cake\Routing\Dispatcher.php(193): Controller->invokeAction(Object(CakeRequest))
#13 W:\beachklub\Vendor\cakephp\cakephp\lib\Cake\Routing\Dispatcher.php(167): Dispatcher->_invoke(Object(PagesController), Object(CakeRequest))
#14 W:\beachklub\webroot\index.php(109): Dispatcher->dispatch(Object(CakeRequest), Object(CakeResponse))
#15 {main}
2015-06-22 09:53:57 Error: [MissingControllerException] Controller class SitesController could not be found.
Exception Attributes: array (
  'class' => 'SitesController',
  'plugin' => NULL,
)
Request URL: /sites/default/files/styles/large/public/images/20130409173547.jpg?itok=g_nJvOCS
Stack Trace:
#0 W:\beachklub\webroot\index.php(109): Dispatcher->dispatch(Object(CakeRequest), Object(CakeResponse))
#1 {main}
2015-06-22 09:53:57 Error: [MissingControllerException] Controller class SitesController could not be found.
Exception Attributes: array (
  'class' => 'SitesController',
  'plugin' => NULL,
)
Request URL: /sites/default/files/resize/remote/58d2865a8e434540856344b2e8f1f734-260x145.jpg
Stack Trace:
#0 W:\beachklub\webroot\index.php(109): Dispatcher->dispatch(Object(CakeRequest), Object(CakeResponse))
#1 {main}
2015-06-22 09:53:57 Error: [MissingControllerException] Controller class SitesController could not be found.
Exception Attributes: array (
  'class' => 'SitesController',
  'plugin' => NULL,
)
Request URL: /sites/default/files/styles/large/public/images/20130409173547.jpg?itok=g_nJvOCS
Stack Trace:
#0 W:\beachklub\webroot\index.php(109): Dispatcher->dispatch(Object(CakeRequest), Object(CakeResponse))
#1 {main}
2015-06-22 09:57:18 Error: [MissingControllerException] Controller class AboutController could not be found.
Exception Attributes: array (
  'class' => 'AboutController',
  'plugin' => NULL,
)
Request URL: /about
Stack Trace:
#0 W:\beachklub\webroot\index.php(109): Dispatcher->dispatch(Object(CakeRequest), Object(CakeResponse))
#1 {main}
2015-06-22 09:57:19 Error: [MissingControllerException] Controller class SitesController could not be found.
Exception Attributes: array (
  'class' => 'SitesController',
  'plugin' => NULL,
)
Request URL: /sites/default/files/styles/large/public/images/20130409173547.jpg?itok=g_nJvOCS
Stack Trace:
#0 W:\beachklub\webroot\index.php(109): Dispatcher->dispatch(Object(CakeRequest), Object(CakeResponse))
#1 {main}
2015-06-22 09:57:19 Error: [MissingControllerException] Controller class SitesController could not be found.
Exception Attributes: array (
  'class' => 'SitesController',
  'plugin' => NULL,
)
Request URL: /sites/default/files/resize/remote/58d2865a8e434540856344b2e8f1f734-260x145.jpg
Stack Trace:
#0 W:\beachklub\webroot\index.php(109): Dispatcher->dispatch(Object(CakeRequest), Object(CakeResponse))
#1 {main}
2015-06-22 09:57:28 Error: [MissingControllerException] Controller class TournamentsController could not be found.
Exception Attributes: array (
  'class' => 'TournamentsController',
  'plugin' => NULL,
)
Request URL: /tournaments
Stack Trace:
#0 W:\beachklub\webroot\index.php(109): Dispatcher->dispatch(Object(CakeRequest), Object(CakeResponse))
#1 {main}
2015-06-22 09:57:28 Error: [MissingControllerException] Controller class SitesController could not be found.
Exception Attributes: array (
  'class' => 'SitesController',
  'plugin' => NULL,
)
Request URL: /sites/default/files/styles/large/public/images/20130409173547.jpg?itok=g_nJvOCS
Stack Trace:
#0 W:\beachklub\webroot\index.php(109): Dispatcher->dispatch(Object(CakeRequest), Object(CakeResponse))
#1 {main}
2015-06-22 09:57:28 Error: [MissingControllerException] Controller class SitesController could not be found.
Exception Attributes: array (
  'class' => 'SitesController',
  'plugin' => NULL,
)
Request URL: /sites/default/files/resize/remote/58d2865a8e434540856344b2e8f1f734-260x145.jpg
Stack Trace:
#0 W:\beachklub\webroot\index.php(109): Dispatcher->dispatch(Object(CakeRequest), Object(CakeResponse))
#1 {main}
2015-06-22 09:57:31 Error: [MissingControllerException] Controller class TournamentsController could not be found.
Exception Attributes: array (
  'class' => 'TournamentsController',
  'plugin' => NULL,
)
Request URL: /tournaments
Stack Trace:
#0 W:\beachklub\webroot\index.php(109): Dispatcher->dispatch(Object(CakeRequest), Object(CakeResponse))
#1 {main}
2015-06-22 09:57:31 Error: [MissingControllerException] Controller class SitesController could not be found.
Exception Attributes: array (
  'class' => 'SitesController',
  'plugin' => NULL,
)
Request URL: /sites/default/files/styles/large/public/images/20130409173547.jpg?itok=g_nJvOCS
Stack Trace:
#0 W:\beachklub\webroot\index.php(109): Dispatcher->dispatch(Object(CakeRequest), Object(CakeResponse))
#1 {main}
2015-06-22 09:57:31 Error: [MissingControllerException] Controller class SitesController could not be found.
Exception Attributes: array (
  'class' => 'SitesController',
  'plugin' => NULL,
)
Request URL: /sites/default/files/resize/remote/58d2865a8e434540856344b2e8f1f734-260x145.jpg
Stack Trace:
#0 W:\beachklub\webroot\index.php(109): Dispatcher->dispatch(Object(CakeRequest), Object(CakeResponse))
#1 {main}
2015-06-22 09:57:32 Error: [MissingControllerException] Controller class BlogController could not be found.
Exception Attributes: array (
  'class' => 'BlogController',
  'plugin' => NULL,
)
Request URL: /blog
Stack Trace:
#0 W:\beachklub\webroot\index.php(109): Dispatcher->dispatch(Object(CakeRequest), Object(CakeResponse))
#1 {main}
2015-06-22 09:57:32 Error: [MissingControllerException] Controller class SitesController could not be found.
Exception Attributes: array (
  'class' => 'SitesController',
  'plugin' => NULL,
)
Request URL: /sites/default/files/styles/large/public/images/20130409173547.jpg?itok=g_nJvOCS
Stack Trace:
#0 W:\beachklub\webroot\index.php(109): Dispatcher->dispatch(Object(CakeRequest), Object(CakeResponse))
#1 {main}
2015-06-22 09:57:32 Error: [MissingControllerException] Controller class SitesController could not be found.
Exception Attributes: array (
  'class' => 'SitesController',
  'plugin' => NULL,
)
Request URL: /sites/default/files/resize/remote/58d2865a8e434540856344b2e8f1f734-260x145.jpg
Stack Trace:
#0 W:\beachklub\webroot\index.php(109): Dispatcher->dispatch(Object(CakeRequest), Object(CakeResponse))
#1 {main}
2015-06-22 09:57:36 Error: [MissingControllerException] Controller class AboutController could not be found.
Exception Attributes: array (
  'class' => 'AboutController',
  'plugin' => NULL,
)
Request URL: /about
Stack Trace:
#0 W:\beachklub\webroot\index.php(109): Dispatcher->dispatch(Object(CakeRequest), Object(CakeResponse))
#1 {main}
2015-06-22 09:57:36 Error: [MissingControllerException] Controller class SitesController could not be found.
Exception Attributes: array (
  'class' => 'SitesController',
  'plugin' => NULL,
)
Request URL: /sites/default/files/resize/remote/58d2865a8e434540856344b2e8f1f734-260x145.jpg
Stack Trace:
#0 W:\beachklub\webroot\index.php(109): Dispatcher->dispatch(Object(CakeRequest), Object(CakeResponse))
#1 {main}

2015-06-22 09:57:40 Error: [MissingControllerException] Controller class SitesController could not be found.
Exception Attributes: array (
  'class' => 'SitesController',
  'plugin' => NULL,
)
Request URL: /sites/default/files/styles/large/public/images/20130409173547.jpg?itok=g_nJvOCS
Stack Trace:
#0 W:\beachklub\webroot\index.php(109): Dispatcher->dispatch(Object(CakeRequest), Object(CakeResponse))
#1 {main}
2015-06-22 09:57:40 Error: [MissingControllerException] Controller class SitesController could not be found.
Exception Attributes: array (
  'class' => 'SitesController',
  'plugin' => NULL,
)
Request URL: /sites/default/files/resize/remote/58d2865a8e434540856344b2e8f1f734-260x145.jpg
Stack Trace:
#0 W:\beachklub\webroot\index.php(109): Dispatcher->dispatch(Object(CakeRequest), Object(CakeResponse))
#1 {main}
2015-06-22 09:57:41 Error: [MissingControllerException] Controller class AboutController could not be found.
Exception Attributes: array (
  'class' => 'AboutController',
  'plugin' => NULL,
)
Request URL: /about
Stack Trace:
#0 W:\beachklub\webroot\index.php(109): Dispatcher->dispatch(Object(CakeRequest), Object(CakeResponse))
#1 {main}
2015-06-22 09:57:41 Error: [MissingControllerException] Controller class SitesController could not be found.
Exception Attributes: array (
  'class' => 'SitesController',
  'plugin' => NULL,
)
Request URL: /sites/default/files/styles/large/public/images/20130409173547.jpg?itok=g_nJvOCS
Stack Trace:
#0 W:\beachklub\webroot\index.php(109): Dispatcher->dispatch(Object(CakeRequest), Object(CakeResponse))
#1 {main}
2015-06-22 09:57:41 Error: [MissingControllerException] Controller class SitesController could not be found.
Exception Attributes: array (
  'class' => 'SitesController',
  'plugin' => NULL,
)
Request URL: /sites/default/files/resize/remote/58d2865a8e434540856344b2e8f1f734-260x145.jpg
Stack Trace:
#0 W:\beachklub\webroot\index.php(109): Dispatcher->dispatch(Object(CakeRequest), Object(CakeResponse))
#1 {main}
2015-06-22 09:57:47 Error: [MissingControllerException] Controller class TournamentsController could not be found.
Exception Attributes: array (
  'class' => 'TournamentsController',
  'plugin' => NULL,
)
Request URL: /tournaments
Stack Trace:
#0 W:\beachklub\webroot\index.php(109): Dispatcher->dispatch(Object(CakeRequest), Object(CakeResponse))
#1 {main}
2015-06-22 09:57:48 Error: [MissingControllerException] Controller class SitesController could not be found.
Exception Attributes: array (
  'class' => 'SitesController',
  'plugin' => NULL,
)
Request URL: /sites/default/files/styles/large/public/images/20130409173547.jpg?itok=g_nJvOCS
Stack Trace:
#0 W:\beachklub\webroot\index.php(109): Dispatcher->dispatch(Object(CakeRequest), Object(CakeResponse))
#1 {main}
2015-06-22 09:57:48 Error: [MissingControllerException] Controller class SitesController could not be found.
Exception Attributes: array (
  'class' => 'SitesController',
  'plugin' => NULL,
)
Request URL: /sites/default/files/resize/remote/58d2865a8e434540856344b2e8f1f734-260x145.jpg
Stack Trace:
#0 W:\beachklub\webroot\index.php(109): Dispatcher->dispatch(Object(CakeRequest), Object(CakeResponse))
#1 {main}
2015-06-22 09:57:51 Error: [MissingControllerException] Controller class AboutController could not be found.
Exception Attributes: array (
  'class' => 'AboutController',
  'plugin' => NULL,
)
Request URL: /about
Stack Trace:
#0 W:\beachklub\webroot\index.php(109): Dispatcher->dispatch(Object(CakeRequest), Object(CakeResponse))
#1 {main}
2015-06-22 09:57:51 Error: [MissingControllerException] Controller class SitesController could not be found.
Exception Attributes: array (
  'class' => 'SitesController',
  'plugin' => NULL,
)
Request URL: /sites/default/files/styles/large/public/images/20130409173547.jpg?itok=g_nJvOCS
Stack Trace:
#0 W:\beachklub\webroot\index.php(109): Dispatcher->dispatch(Object(CakeRequest), Object(CakeResponse))
#1 {main}
2015-06-22 09:57:51 Error: [MissingControllerException] Controller class SitesController could not be found.
Exception Attributes: array (
  'class' => 'SitesController',
  'plugin' => NULL,
)
Request URL: /sites/default/files/resize/remote/58d2865a8e434540856344b2e8f1f734-260x145.jpg
Stack Trace:
#0 W:\beachklub\webroot\index.php(109): Dispatcher->dispatch(Object(CakeRequest), Object(CakeResponse))
#1 {main}
2015-06-22 09:57:54 Error: [MissingControllerException] Controller class TournamentsController could not be found.
Exception Attributes: array (
  'class' => 'TournamentsController',
  'plugin' => NULL,
)
Request URL: /tournaments
Stack Trace:
#0 W:\beachklub\webroot\index.php(109): Dispatcher->dispatch(Object(CakeRequest), Object(CakeResponse))
#1 {main}
2015-06-22 09:57:55 Error: [MissingControllerException] Controller class SitesController could not be found.
Exception Attributes: array (
  'class' => 'SitesController',
  'plugin' => NULL,
)
Request URL: /sites/default/files/styles/large/public/images/20130409173547.jpg?itok=g_nJvOCS
Stack Trace:
#0 W:\beachklub\webroot\index.php(109): Dispatcher->dispatch(Object(CakeRequest), Object(CakeResponse))
#1 {main}
2015-06-22 09:57:55 Error: [MissingControllerException] Controller class SitesController could not be found.
Exception Attributes: array (
  'class' => 'SitesController',
  'plugin' => NULL,
)
Request URL: /sites/default/files/resize/remote/58d2865a8e434540856344b2e8f1f734-260x145.jpg
Stack Trace:
#0 W:\beachklub\webroot\index.php(109): Dispatcher->dispatch(Object(CakeRequest), Object(CakeResponse))
#1 {main}
2015-06-22 09:57:56 Error: [MissingControllerException] Controller class AboutController could not be found.
Exception Attributes: array (
  'class' => 'AboutController',
  'plugin' => NULL,
)
Request URL: /about
Stack Trace:
#0 W:\beachklub\webroot\index.php(109): Dispatcher->dispatch(Object(CakeRequest), Object(CakeResponse))
#1 {main}
2015-06-22 09:57:56 Error: [MissingControllerException] Controller class SitesController could not be found.
Exception Attributes: array (
  'class' => 'SitesController',
  'plugin' => NULL,
)
Request URL: /sites/default/files/styles/large/public/images/20130409173547.jpg?itok=g_nJvOCS
Stack Trace:
#0 W:\beachklub\webroot\index.php(109): Dispatcher->dispatch(Object(CakeRequest), Object(CakeResponse))
#1 {main}
2015-06-22 09:57:56 Error: [MissingControllerException] Controller class SitesController could not be found.
Exception Attributes: array (
  'class' => 'SitesController',
  'plugin' => NULL,
)
Request URL: /sites/default/files/resize/remote/58d2865a8e434540856344b2e8f1f734-260x145.jpg
Stack Trace:
#0 W:\beachklub\webroot\index.php(109): Dispatcher->dispatch(Object(CakeRequest), Object(CakeResponse))
#1 {main}
2015-06-22 10:16:59 Error: [MissingControllerException] Controller class AboutController could not be found.
Exception Attributes: array (
  'class' => 'AboutController',
  'plugin' => NULL,
)
Request URL: /about
Stack Trace:
#0 W:\beachklub\webroot\index.php(109): Dispatcher->dispatch(Object(CakeRequest), Object(CakeResponse))
#1 {main}
2015-06-22 10:16:59 Error: [MissingControllerException] Controller class SitesController could not be found.
Exception Attributes: array (
  'class' => 'SitesController',
  'plugin' => NULL,
)
Request URL: /sites/default/files/styles/large/public/images/20130409173547.jpg?itok=g_nJvOCS
Stack Trace:
#0 W:\beachklub\webroot\index.php(109): Dispatcher->dispatch(Object(CakeRequest), Object(CakeResponse))
#1 {main}
2015-06-22 10:16:59 Error: [MissingControllerException] Controller class SitesController could not be found.
Exception Attributes: array (
  'class' => 'SitesController',
  'plugin' => NULL,
)
Request URL: /sites/default/files/resize/remote/58d2865a8e434540856344b2e8f1f734-260x145.jpg
Stack Trace:
#0 W:\beachklub\webroot\index.php(109): Dispatcher->dispatch(Object(CakeRequest), Object(CakeResponse))
#1 {main}
2015-06-22 10:17:00 Error: [MissingControllerException] Controller class SitesController could not be found.
Exception Attributes: array (
  'class' => 'SitesController',
  'plugin' => NULL,
)
Request URL: /sites/default/files/styles/large/public/images/20130409173547.jpg?itok=g_nJvOCS
Stack Trace:
#0 W:\beachklub\webroot\index.php(109): Dispatcher->dispatch(Object(CakeRequest), Object(CakeResponse))
#1 {main}
2015-06-22 10:17:00 Error: [MissingControllerException] Controller class SitesController could not be found.
Exception Attributes: array (
  'class' => 'SitesController',
  'plugin' => NULL,
)
Request URL: /sites/default/files/resize/remote/58d2865a8e434540856344b2e8f1f734-260x145.jpg
Stack Trace:
#0 W:\beachklub\webroot\index.php(109): Dispatcher->dispatch(Object(CakeRequest), Object(CakeResponse))
#1 {main}
2015-06-22 10:17:09 Error: [MissingControllerException] Controller class SitesController could not be found.
Exception Attributes: array (
  'class' => 'SitesController',
  'plugin' => NULL,
)
Request URL: /sites/default/files/resize/remote/58d2865a8e434540856344b2e8f1f734-260x145.jpg
Stack Trace:
#0 W:\beachklub\webroot\index.php(109): Dispatcher->dispatch(Object(CakeRequest), Object(CakeResponse))
#1 {main}
2015-06-22 10:17:09 Error: [MissingControllerException] Controller class SitesController could not be found.
Exception Attributes: array (
  'class' => 'SitesController',
  'plugin' => NULL,
)
Request URL: /sites/default/files/styles/large/public/images/20130409173547.jpg?itok=g_nJvOCS
Stack Trace:
#0 W:\beachklub\webroot\index.php(109): Dispatcher->dispatch(Object(CakeRequest), Object(CakeResponse))
#1 {main}
2015-06-22 10:18:05 Error: [MissingControllerException] Controller class SitesController could not be found.
Exception Attributes: array (
  'class' => 'SitesController',
  'plugin' => NULL,
)
Request URL: /sites/default/files/styles/large/public/images/20130409173547.jpg?itok=g_nJvOCS
Stack Trace:
#0 W:\beachklub\webroot\index.php(109): Dispatcher->dispatch(Object(CakeRequest), Object(CakeResponse))
#1 {main}
2015-06-22 10:18:06 Error: [MissingControllerException] Controller class SitesController could not be found.
Exception Attributes: array (
  'class' => 'SitesController',
  'plugin' => NULL,
)
Request URL: /sites/default/files/resize/remote/58d2865a8e434540856344b2e8f1f734-260x145.jpg
Stack Trace:
#0 W:\beachklub\webroot\index.php(109): Dispatcher->dispatch(Object(CakeRequest), Object(CakeResponse))
#1 {main}
2015-06-22 10:18:06 Error: [MissingControllerException] Controller class SitesController could not be found.
Exception Attributes: array (
  'class' => 'SitesController',
  'plugin' => NULL,
)
Request URL: /sites/default/files/styles/large/public/images/20130409173547.jpg?itok=g_nJvOCS
Stack Trace:
#0 W:\beachklub\webroot\index.php(109): Dispatcher->dispatch(Object(CakeRequest), Object(CakeResponse))
#1 {main}
2015-06-22 10:18:21 Error: [MissingControllerException] Controller class SitesController could not be found.
Exception Attributes: array (
  'class' => 'SitesController',
  'plugin' => NULL,
)
Request URL: /sites/default/files/styles/large/public/images/20130409173547.jpg?itok=g_nJvOCS
Stack Trace:
#0 W:\beachklub\webroot\index.php(109): Dispatcher->dispatch(Object(CakeRequest), Object(CakeResponse))
#1 {main}
2015-06-22 10:18:21 Error: [MissingControllerException] Controller class SitesController could not be found.
Exception Attributes: array (
  'class' => 'SitesController',
  'plugin' => NULL,
)
Request URL: /sites/default/files/resize/remote/58d2865a8e434540856344b2e8f1f734-260x145.jpg
Stack Trace:
#0 W:\beachklub\webroot\index.php(109): Dispatcher->dispatch(Object(CakeRequest), Object(CakeResponse))
#1 {main}
2015-06-22 10:19:53 Error: [MissingControllerException] Controller class SitesController could not be found.
Exception Attributes: array (
  'class' => 'SitesController',
  'plugin' => NULL,
)
Request URL: /sites/default/files/styles/large/public/images/20130409173547.jpg?itok=g_nJvOCS
Stack Trace:
#0 W:\beachklub\webroot\index.php(109): Dispatcher->dispatch(Object(CakeRequest), Object(CakeResponse))
#1 {main}
2015-06-22 10:19:53 Error: [MissingControllerException] Controller class SitesController could not be found.
Exception Attributes: array (
  'class' => 'SitesController',
  'plugin' => NULL,
)
Request URL: /sites/default/files/resize/remote/58d2865a8e434540856344b2e8f1f734-260x145.jpg
Stack Trace:
#0 W:\beachklub\webroot\index.php(109): Dispatcher->dispatch(Object(CakeRequest), Object(CakeResponse))
#1 {main}
2015-06-22 10:19:53 Error: [MissingControllerException] Controller class SitesController could not be found.
Exception Attributes: array (
  'class' => 'SitesController',
  'plugin' => NULL,
)
Request URL: /sites/default/files/styles/large/public/images/20130409173547.jpg?itok=g_nJvOCS
Stack Trace:
#0 W:\beachklub\webroot\index.php(109): Dispatcher->dispatch(Object(CakeRequest), Object(CakeResponse))
#1 {main}
2015-06-22 10:21:00 Error: [MissingControllerException] Controller class SitesController could not be found.
Exception Attributes: array (
  'class' => 'SitesController',
  'plugin' => NULL,
)
Request URL: /sites/default/files/styles/large/public/images/20130409173547.jpg?itok=g_nJvOCS
Stack Trace:
#0 W:\beachklub\webroot\index.php(109): Dispatcher->dispatch(Object(CakeRequest), Object(CakeResponse))
#1 {main}
2015-06-22 10:21:00 Error: [MissingControllerException] Controller class SitesController could not be found.
Exception Attributes: array (
  'class' => 'SitesController',
  'plugin' => NULL,
)
Request URL: /sites/default/files/resize/remote/58d2865a8e434540856344b2e8f1f734-260x145.jpg
Stack Trace:
#0 W:\beachklub\webroot\index.php(109): Dispatcher->dispatch(Object(CakeRequest), Object(CakeResponse))
#1 {main}
2015-06-22 10:22:18 Error: [MissingControllerException] Controller class SitesController could not be found.
Exception Attributes: array (
  'class' => 'SitesController',
  'plugin' => NULL,
)
Request URL: /sites/default/files/styles/large/public/images/20130409173547.jpg?itok=g_nJvOCS
Stack Trace:
#0 W:\beachklub\webroot\index.php(109): Dispatcher->dispatch(Object(CakeRequest), Object(CakeResponse))
#1 {main}
2015-06-22 10:22:19 Error: [MissingControllerException] Controller class SitesController could not be found.
Exception Attributes: array (
  'class' => 'SitesController',
  'plugin' => NULL,
)
Request URL: /sites/default/files/resize/remote/58d2865a8e434540856344b2e8f1f734-260x145.jpg
Stack Trace:
#0 W:\beachklub\webroot\index.php(109): Dispatcher->dispatch(Object(CakeRequest), Object(CakeResponse))
#1 {main}
2015-06-22 10:22:57 Error: [MissingControllerException] Controller class SitesController could not be found.
Exception Attributes: array (
  'class' => 'SitesController',
  'plugin' => NULL,
)
Request URL: /sites/default/files/styles/large/public/images/20130409173547.jpg?itok=g_nJvOCS
Stack Trace:
#0 W:\beachklub\webroot\index.php(109): Dispatcher->dispatch(Object(CakeRequest), Object(CakeResponse))
#1 {main}
2015-06-22 10:22:57 Error: [MissingControllerException] Controller class SitesController could not be found.
Exception Attributes: array (
  'class' => 'SitesController',
  'plugin' => NULL,
)
Request URL: /sites/default/files/resize/remote/58d2865a8e434540856344b2e8f1f734-260x145.jpg
Stack Trace:
#0 W:\beachklub\webroot\index.php(109): Dispatcher->dispatch(Object(CakeRequest), Object(CakeResponse))
#1 {main}
2015-06-22 10:23:27 Error: [MissingControllerException] Controller class SitesController could not be found.
Exception Attributes: array (
  'class' => 'SitesController',
  'plugin' => NULL,
)
Request URL: /sites/default/files/styles/large/public/images/20130409173547.jpg?itok=g_nJvOCS
Stack Trace:
#0 W:\beachklub\webroot\index.php(109): Dispatcher->dispatch(Object(CakeRequest), Object(CakeResponse))
#1 {main}
2015-06-22 10:23:27 Error: [MissingControllerException] Controller class SitesController could not be found.
Exception Attributes: array (
  'class' => 'SitesController',
  'plugin' => NULL,
)
Request URL: /sites/default/files/resize/remote/58d2865a8e434540856344b2e8f1f734-260x145.jpg
Stack Trace:
#0 W:\beachklub\webroot\index.php(109): Dispatcher->dispatch(Object(CakeRequest), Object(CakeResponse))
#1 {main}
2015-06-22 10:28:06 Error: [MissingControllerException] Controller class SitesController could not be found.
Exception Attributes: array (
  'class' => 'SitesController',
  'plugin' => NULL,
)
Request URL: /sites/default/files/styles/large/public/images/20130409173547.jpg?itok=g_nJvOCS
Stack Trace:
#0 W:\beachklub\webroot\index.php(109): Dispatcher->dispatch(Object(CakeRequest), Object(CakeResponse))
#1 {main}
2015-06-22 10:28:07 Error: [MissingControllerException] Controller class SitesController could not be found.
Exception Attributes: array (
  'class' => 'SitesController',
  'plugin' => NULL,
)
Request URL: /sites/default/files/resize/remote/58d2865a8e434540856344b2e8f1f734-260x145.jpg
Stack Trace:
#0 W:\beachklub\webroot\index.php(109): Dispatcher->dispatch(Object(CakeRequest), Object(CakeResponse))
#1 {main}
2015-06-22 10:33:35 Error: [MissingControllerException] Controller class SitesController could not be found.
Exception Attributes: array (
  'class' => 'SitesController',
  'plugin' => NULL,
)
Request URL: /sites/default/files/styles/large/public/images/20130409173547.jpg?itok=g_nJvOCS
Stack Trace:
#0 W:\beachklub\webroot\index.php(109): Dispatcher->dispatch(Object(CakeRequest), Object(CakeResponse))
#1 {main}
2015-06-22 10:33:35 Error: [MissingControllerException] Controller class SitesController could not be found.
Exception Attributes: array (
  'class' => 'SitesController',
  'plugin' => NULL,
)
Request URL: /sites/default/files/resize/remote/58d2865a8e434540856344b2e8f1f734-260x145.jpg
Stack Trace:
#0 W:\beachklub\webroot\index.php(109): Dispatcher->dispatch(Object(CakeRequest), Object(CakeResponse))
#1 {main}
2015-06-22 10:36:51 Error: [MissingControllerException] Controller class SitesController could not be found.
Exception Attributes: array (
  'class' => 'SitesController',
  'plugin' => NULL,
)
Request URL: /sites/default/files/styles/large/public/images/20130409173547.jpg?itok=g_nJvOCS
Stack Trace:
#0 W:\beachklub\webroot\index.php(109): Dispatcher->dispatch(Object(CakeRequest), Object(CakeResponse))
#1 {main}
2015-06-22 10:36:51 Error: [MissingControllerException] Controller class SitesController could not be found.
Exception Attributes: array (
  'class' => 'SitesController',
  'plugin' => NULL,
)
Request URL: /sites/default/files/resize/remote/58d2865a8e434540856344b2e8f1f734-260x145.jpg
Stack Trace:
#0 W:\beachklub\webroot\index.php(109): Dispatcher->dispatch(Object(CakeRequest), Object(CakeResponse))
#1 {main}
2015-06-22 10:51:18 Error: [MissingControllerException] Controller class Lorem-ipsum-dolor-sit-amet-3Controller could not be found.
Exception Attributes: array (
  'class' => 'Lorem-ipsum-dolor-sit-amet-3Controller',
  'plugin' => NULL,
)
Request URL: /lorem-ipsum-dolor-sit-amet-3
Stack Trace:
#0 W:\beachklub\webroot\index.php(109): Dispatcher->dispatch(Object(CakeRequest), Object(CakeResponse))
#1 {main}
2015-06-22 10:51:19 Error: [MissingControllerException] Controller class SitesController could not be found.
Exception Attributes: array (
  'class' => 'SitesController',
  'plugin' => NULL,
)
Request URL: /sites/default/files/styles/large/public/images/20130409173547.jpg?itok=g_nJvOCS
Stack Trace:
#0 W:\beachklub\webroot\index.php(109): Dispatcher->dispatch(Object(CakeRequest), Object(CakeResponse))
#1 {main}
2015-06-22 10:51:19 Error: [MissingControllerException] Controller class SitesController could not be found.
Exception Attributes: array (
  'class' => 'SitesController',
  'plugin' => NULL,
)
Request URL: /sites/default/files/resize/remote/58d2865a8e434540856344b2e8f1f734-260x145.jpg
Stack Trace:
#0 W:\beachklub\webroot\index.php(109): Dispatcher->dispatch(Object(CakeRequest), Object(CakeResponse))
#1 {main}
2015-06-22 10:54:57 Error: [MissingControllerException] Controller class Proseries-pragueController could not be found.
Exception Attributes: array (
  'class' => 'Proseries-pragueController',
  'plugin' => NULL,
)
Request URL: /proseries-prague/hledam-spoluhrace
Stack Trace:
#0 W:\beachklub\webroot\index.php(109): Dispatcher->dispatch(Object(CakeRequest), Object(CakeResponse))
#1 {main}
2015-06-22 10:54:57 Error: [MissingControllerException] Controller class SitesController could not be found.
Exception Attributes: array (
  'class' => 'SitesController',
  'plugin' => NULL,
)
Request URL: /sites/default/files/styles/large/public/images/20130409173547.jpg?itok=g_nJvOCS
Stack Trace:
#0 W:\beachklub\webroot\index.php(109): Dispatcher->dispatch(Object(CakeRequest), Object(CakeResponse))
#1 {main}
2015-06-22 10:54:57 Error: [MissingControllerException] Controller class SitesController could not be found.
Exception Attributes: array (
  'class' => 'SitesController',
  'plugin' => NULL,
)
Request URL: /sites/default/files/resize/remote/58d2865a8e434540856344b2e8f1f734-260x145.jpg
Stack Trace:
#0 W:\beachklub\webroot\index.php(109): Dispatcher->dispatch(Object(CakeRequest), Object(CakeResponse))
#1 {main}
2015-06-22 10:55:02 Error: [MissingControllerException] Controller class SitesController could not be found.
Exception Attributes: array (
  'class' => 'SitesController',
  'plugin' => NULL,
)
Request URL: /sites/default/files/resize/remote/58d2865a8e434540856344b2e8f1f734-260x145.jpg
Stack Trace:
#0 W:\beachklub\webroot\index.php(109): Dispatcher->dispatch(Object(CakeRequest), Object(CakeResponse))
#1 {main}
2015-06-22 10:55:02 Error: [MissingControllerException] Controller class SitesController could not be found.
Exception Attributes: array (
  'class' => 'SitesController',
  'plugin' => NULL,
)
Request URL: /sites/default/files/styles/large/public/images/20130409173547.jpg?itok=g_nJvOCS
Stack Trace:
#0 W:\beachklub\webroot\index.php(109): Dispatcher->dispatch(Object(CakeRequest), Object(CakeResponse))
#1 {main}
2015-06-22 10:56:46 Error: [MissingControllerException] Controller class Proseries-pragueController could not be found.
Exception Attributes: array (
  'class' => 'Proseries-pragueController',
  'plugin' => NULL,
)
Request URL: /proseries-prague/hledam-spoluhrace
Stack Trace:
#0 W:\beachklub\webroot\index.php(109): Dispatcher->dispatch(Object(CakeRequest), Object(CakeResponse))
#1 {main}
2015-06-22 10:56:46 Error: [MissingControllerException] Controller class SitesController could not be found.
Exception Attributes: array (
  'class' => 'SitesController',
  'plugin' => NULL,
)
Request URL: /sites/default/files/styles/large/public/images/20130409173547.jpg?itok=g_nJvOCS
Stack Trace:
#0 W:\beachklub\webroot\index.php(109): Dispatcher->dispatch(Object(CakeRequest), Object(CakeResponse))
#1 {main}
2015-06-22 10:56:46 Error: [MissingControllerException] Controller class SitesController could not be found.
Exception Attributes: array (
  'class' => 'SitesController',
  'plugin' => NULL,
)
Request URL: /sites/default/files/resize/remote/58d2865a8e434540856344b2e8f1f734-260x145.jpg
Stack Trace:
#0 W:\beachklub\webroot\index.php(109): Dispatcher->dispatch(Object(CakeRequest), Object(CakeResponse))
#1 {main}
2015-06-22 11:32:38 Error: [MissingLayoutException] Layout file "Layouts\j3t.ctp" is missing.
Exception Attributes: array (
  'file' => 'Layouts\\j3t.ctp',
)
Request URL: /login
Stack Trace:
#0 W:\beachklub\Vendor\cakephp\cakephp\lib\Cake\View\View.php(514): View->_getLayoutFileName('j3t')
#1 W:\beachklub\Vendor\cakephp\cakephp\lib\Cake\View\View.php(481): View->renderLayout('', 'j3t')
#2 W:\beachklub\Vendor\cakephp\cakephp\lib\Cake\Controller\Controller.php(960): View->render(NULL, NULL)
#3 W:\beachklub\Vendor\cakephp\cakephp\lib\Cake\Routing\Dispatcher.php(200): Controller->render()
#4 W:\beachklub\Vendor\cakephp\cakephp\lib\Cake\Routing\Dispatcher.php(167): Dispatcher->_invoke(Object(UsersController), Object(CakeRequest))
#5 W:\beachklub\webroot\index.php(109): Dispatcher->dispatch(Object(CakeRequest), Object(CakeResponse))
#6 {main}
2015-06-22 11:33:54 Error: [MissingLayoutException] Layout file "Layouts\j3t.ctp" is missing.
Exception Attributes: array (
  'file' => 'Layouts\\j3t.ctp',
)
Request URL: /login
Stack Trace:
#0 W:\beachklub\Vendor\cakephp\cakephp\lib\Cake\View\View.php(514): View->_getLayoutFileName('j3t')
#1 W:\beachklub\Vendor\cakephp\cakephp\lib\Cake\View\View.php(481): View->renderLayout('', 'j3t')
#2 W:\beachklub\Vendor\cakephp\cakephp\lib\Cake\Controller\Controller.php(960): View->render(NULL, NULL)
#3 W:\beachklub\Vendor\cakephp\cakephp\lib\Cake\Routing\Dispatcher.php(200): Controller->render()
#4 W:\beachklub\Vendor\cakephp\cakephp\lib\Cake\Routing\Dispatcher.php(167): Dispatcher->_invoke(Object(UsersController), Object(CakeRequest))
#5 W:\beachklub\webroot\index.php(109): Dispatcher->dispatch(Object(CakeRequest), Object(CakeResponse))
#6 {main}
2015-06-22 11:34:44 Error: [MissingControllerException] Controller class CssController could not be found.
Exception Attributes: array (
  'class' => 'CssController',
  'plugin' => NULL,
)
Request URL: /css/site.css
Stack Trace:
#0 W:\beachklub\webroot\index.php(109): Dispatcher->dispatch(Object(CakeRequest), Object(CakeResponse))
#1 {main}
2015-06-22 11:34:45 Error: [MissingControllerException] Controller class JsController could not be found.
Exception Attributes: array (
  'class' => 'JsController',
  'plugin' => NULL,
)
Request URL: /js/site-post.js
Stack Trace:
#0 W:\beachklub\webroot\index.php(109): Dispatcher->dispatch(Object(CakeRequest), Object(CakeResponse))
#1 {main}
2015-06-22 11:34:45 Error: [MissingControllerException] Controller class ImgController could not be found.
Exception Attributes: array (
  'class' => 'ImgController',
  'plugin' => NULL,
)
Request URL: /img/vystava2.jpg
Stack Trace:
#0 W:\beachklub\webroot\index.php(109): Dispatcher->dispatch(Object(CakeRequest), Object(CakeResponse))
#1 {main}
2015-06-22 11:34:45 Error: [MissingControllerException] Controller class JsController could not be found.
Exception Attributes: array (
  'class' => 'JsController',
  'plugin' => NULL,
)
Request URL: /js/site-admin.js
Stack Trace:
#0 W:\beachklub\webroot\index.php(109): Dispatcher->dispatch(Object(CakeRequest), Object(CakeResponse))
#1 {main}
2015-06-22 11:34:46 Error: [MissingControllerException] Controller class JsController could not be found.
Exception Attributes: array (
  'class' => 'JsController',
  'plugin' => NULL,
)
Request URL: /js/site-pre.js
Stack Trace:
#0 W:\beachklub\webroot\index.php(109): Dispatcher->dispatch(Object(CakeRequest), Object(CakeResponse))
#1 {main}
2015-06-22 11:34:46 Error: [MissingControllerException] Controller class CssController could not be found.
Exception Attributes: array (
  'class' => 'CssController',
  'plugin' => NULL,
)
Request URL: /css/site-admin.css
Stack Trace:
#0 W:\beachklub\webroot\index.php(109): Dispatcher->dispatch(Object(CakeRequest), Object(CakeResponse))
#1 {main}
2015-06-22 11:34:46 Error: [MissingControllerException] Controller class ImgController could not be found.
Exception Attributes: array (
  'class' => 'ImgController',
  'plugin' => NULL,
)
Request URL: /img/vystava2.jpg
Stack Trace:
#0 W:\beachklub\webroot\index.php(109): Dispatcher->dispatch(Object(CakeRequest), Object(CakeResponse))
#1 {main}
2015-06-22 11:35:29 Error: [MissingControllerException] Controller class ImgController could not be found.
Exception Attributes: array (
  'class' => 'ImgController',
  'plugin' => NULL,
)
Request URL: /img/vystava2.jpg
Stack Trace:
#0 W:\beachklub\webroot\index.php(109): Dispatcher->dispatch(Object(CakeRequest), Object(CakeResponse))
#1 {main}
2015-06-22 11:35:29 Error: [MissingControllerException] Controller class ImgController could not be found.
Exception Attributes: array (
  'class' => 'ImgController',
  'plugin' => NULL,
)
Request URL: /img/vystava2.jpg
Stack Trace:
#0 W:\beachklub\webroot\index.php(109): Dispatcher->dispatch(Object(CakeRequest), Object(CakeResponse))
#1 {main}
2015-06-22 11:35:47 Error: [MissingControllerException] Controller class CssController could not be found.
Exception Attributes: array (
  'class' => 'CssController',
  'plugin' => NULL,
)
Request URL: /css/bootstrap.css.map
Stack Trace:
#0 W:\beachklub\webroot\index.php(109): Dispatcher->dispatch(Object(CakeRequest), Object(CakeResponse))
#1 {main}
2015-06-22 11:36:28 Error: [MissingControllerException] Controller class CssController could not be found.
Exception Attributes: array (
  'class' => 'CssController',
  'plugin' => NULL,
)
Request URL: /css/bootstrap.css.map
Stack Trace:
#0 W:\beachklub\webroot\index.php(109): Dispatcher->dispatch(Object(CakeRequest), Object(CakeResponse))
#1 {main}
2015-06-22 11:39:06 Error: [MissingControllerException] Controller class ImgController could not be found.
Exception Attributes: array (
  'class' => 'ImgController',
  'plugin' => NULL,
)
Request URL: /img/vystava2.jpg
Stack Trace:
#0 W:\beachklub\webroot\index.php(109): Dispatcher->dispatch(Object(CakeRequest), Object(CakeResponse))
#1 {main}
2015-06-22 11:39:06 Error: [MissingControllerException] Controller class CssController could not be found.
Exception Attributes: array (
  'class' => 'CssController',
  'plugin' => NULL,
)
Request URL: /css/bootstrap.css.map
Stack Trace:
#0 W:\beachklub\webroot\index.php(109): Dispatcher->dispatch(Object(CakeRequest), Object(CakeResponse))
#1 {main}
2015-06-22 11:39:17 Error: [MissingControllerException] Controller class CssController could not be found.
Exception Attributes: array (
  'class' => 'CssController',
  'plugin' => NULL,
)
Request URL: /css/bootstrap.css.map
Stack Trace:
#0 W:\beachklub\webroot\index.php(109): Dispatcher->dispatch(Object(CakeRequest), Object(CakeResponse))
#1 {main}
2015-06-22 11:43:12 Error: [MissingControllerException] Controller class CssController could not be found.
Exception Attributes: array (
  'class' => 'CssController',
  'plugin' => NULL,
)
Request URL: /css/bootstrap.css.map
Stack Trace:
#0 W:\beachklub\webroot\index.php(109): Dispatcher->dispatch(Object(CakeRequest), Object(CakeResponse))
#1 {main}
2015-06-22 11:47:59 Error: [MissingControllerException] Controller class CssController could not be found.
Exception Attributes: array (
  'class' => 'CssController',
  'plugin' => NULL,
)
Request URL: /css/bootstrap.css.map
Stack Trace:
#0 W:\beachklub\webroot\index.php(109): Dispatcher->dispatch(Object(CakeRequest), Object(CakeResponse))
#1 {main}
